2022-05-07T21:58:43.426Z info: undefined
2022-05-07T21:58:56.391Z info: undefined
2022-05-07T21:59:13.892Z info: undefined
2022-05-07T21:59:27.612Z info: Declared events: 0x0da230aa146fff37d282c2daf17bbbc3944c0223e0ae85f771278e5090a605b7, 0xf6f0bd1c5a407f0ae958e065b897a15fc2bf29490302878c8a02db02623faf28, 0x9f647c28c4f54697057a627c10fe6b62dfefe184b9566dc411b414e0b129d6e9. Txhash: 0xc63b4b2c529ff12fc9572a5a5c36ea68d624ade1ee50a0f74b720eaabe559e1b
2022-05-07T22:00:14.814Z info: undefined
2022-05-07T23:14:45.249Z info: undefined
2022-05-07T23:14:45.251Z error: SendTx: Transaction has been reverted by the EVM:
{
  "blockHash": "0x107e0b8c0eb2f50b4c1ac5d3737e383e0aa61c417ca863df3229b2e862b52831",
  "blockNumber": 2666173,
  "contractAddress": null,
  "cumulativeGasUsed": 4303382,
  "from": "0x2efb0e053321967b27147bf26cceaaab56022da9",
  "gasUsed": 53124,
  "logsBloom": "0x00000000000000000000000000000000000000000000000000000000000000000000000000000000000000000000000000000000000000000000000000000000000000000000000000000000000000000000000000000000000000000000000000000000000000000000000000000000000000000000000000000000000000000000000000000000000000000000000000000000000000000000000000000000000000000000000000000000000000000000000000000000000000000000000000000000000000000000000000000000000000000000000000000000000000000000000000000000000000000000000000000000000000000000000000000000",
  "status": false,
  "to": "0x92b83224991f86419ea9845107ce366d9d3ce3b5",
  "transactionHash": "0x9a8b9e06a344d05e88268bde780d63979c883c39c110ee8ba106a74b01d144b3",
  "transactionIndex": 12,
  "type": "0x0",
  "events": {}
}
2022-05-07T23:14:45.260Z info: undefined
2022-05-07T23:14:57.377Z info: undefined
2022-05-07T23:15:09.303Z info: undefined
2022-05-07T23:15:31.976Z info: undefined
2022-05-07T23:24:06.596Z info: undefined
2022-05-07T23:24:20.476Z info: undefined
2022-05-07T23:25:25.031Z info: Declared events: 0x4e9c5c74742b0a9dffe6389d425ec098b2395ebf3d9555b7ea0d5f4ab3d43b1b. Txhash: 0x60d181e55415a696aa2c0947aede015d653b503b61d14d766ef090c68afd3de4
2022-05-07T23:25:36.150Z info: Declared events: 0xaa53e05fa64b76ffd9613ee395e7ee6f2fcc259151a9a023d233bbe4bda85959. Txhash: 0xb73477b87b839ab7211881c65ed166190bf996fd0702eaee46874ebc00fd6303
2022-05-07T23:26:07.922Z info: undefined
2022-05-07T23:30:24.796Z info: Declared events: 0x05145bb294190deb7f1caa06a885572b7fcdacbca6d5e63c2a7390158def4e60. Txhash: 0x791681c2b42fba24bfae9f11262c0008deb9d9f3bdea5f4fe996c6b7ab87d4ef
2022-05-07T23:32:51.400Z info: Declared events: 0x51453bb0f8bf56384e5e217ef6e7f26c3a4b68b3cae8a2404d5560d104bf0dc9. Txhash: 0x4482b113edf72a020ded833fd3d44514a4917e0ea6ba9731bff64b645d9d2d6b
2022-05-07T23:33:03.992Z info: Declared events: 0x944ab6a54854de02e3ccae98db6183ae7ed3b1e1300b4799343a62267ca873c0. Txhash: 0xd7b4601fab5f44c36ee58658b19bf0a7e2b353efe77870156d09a7de42d085b2
2022-05-07T23:33:44.225Z info: Declared events: 0x5669f603491b7f32c358921e3b66a9e11556aafa7cbfe09d68f579f892930230. Txhash: 0x3888ef8db7af09011f5fb05a315e40376c362d06dbf237fcc11435e22a203ead
2022-05-07T23:33:55.835Z info: Declared events: 0xd117abcb8dcd7e2630750977f41b19b7a82ec96462f9c57ee0d07174653ec2a0. Txhash: 0xc673e5c8fc3618d4b7a4c88842df8c4b77595df3a5e62b504696194229768363
2022-05-07T23:34:07.460Z info: Declared events: 0xb8c429acb6e88ba5369d5a9d057c1a9b071c3c97e7e62d8cf6674487cf3ea54f. Txhash: 0xd05dcda86a70a5cdab9576e88830d91a004c0d397f8d4c75b03dfb29336a115b
2022-05-07T23:34:19.264Z info: Declared events: 0x6f1b37da06b72d5204843d7653519b578980a34e5559ff158db72200bfb251dc. Txhash: 0xf5a6a578a2fb453b01429e154eb422806aa0c329ca0d8917b90380b8e87afdcf
2022-05-07T23:34:31.192Z info: Declared events: 0xfde7f329b2cc1de3b3a4bc9dcc04b93a77bc23368b8df548db9650e4cf837034. Txhash: 0xe482af4ac55551181096da9493a04a5105dd252891da8d6088c95aa9df03ccf2
2022-05-07T23:34:42.917Z info: Declared events: 0x6f585a48407a99c9779c871bd91633ce0edeada31974448448e67b18b8bb9e28. Txhash: 0x527dee051fb590243da31b769092edec13b92c2110e41e69078ac740b6be41e8
2022-05-07T23:47:38.431Z info: undefined
2022-05-07T23:48:01.215Z info: undefined
2022-05-07T23:48:18.868Z info: undefined
2022-05-07T23:56:29.829Z info: Declared events: 0x07243b6b0e365acbc8a1412f304867b414a5f0c94017fa3e4eea1c2e2d8c8758. Txhash: 0x213375f12748ff80d7a9df5f4c5c9d16caa7b7b4f6b26a794889951d092834bd
2022-05-07T23:56:41.354Z info: Declared events: 0x2cbb720b0661d265edd05cb784e542ced5346f2022909117ece4f855761a250d. Txhash: 0x7cce4b7a356f16b87dbaf4ee34fd30293da8f13579cb427256ab2cde04a92ee3
2022-05-07T23:58:17.575Z info: Declared events: 0x2b7ea6ff74c99ca77603e1d656336d71bfc2b064ac42c0313d4191cdc978e584. Txhash: 0xca5fcfbf761ff131ece8441fcf7c059c5b703d8bfed42bb62be6b94b1e68c471
2022-05-07T23:59:15.663Z info: undefined
2022-05-07T23:59:26.839Z info: undefined
2022-05-08T00:02:59.940Z error: Cannot read property 'teams' of undefined
2022-05-08T00:18:42.194Z info: undefined
2022-05-08T00:33:28.300Z info: undefined
2022-05-08T00:33:45.072Z info: undefined
2022-05-08T00:33:45.073Z error: SendTx: Transaction has been reverted by the EVM:
{
  "blockHash": "0x0ee5b9a9ada8d30a52e8f04762c32759c4512c9307b35cc6d0c01d81b72feb16",
  "blockNumber": 2666972,
  "contractAddress": null,
  "cumulativeGasUsed": 2650030,
  "from": "0x2efb0e053321967b27147bf26cceaaab56022da9",
  "gasUsed": 487809,
  "logsBloom": "0x00000000000000000000000000000000000000000000000000000000000000000000000000000000000000000000000000000000000000000000000000000000000000000000000000000000000000000000000000000000000000000000000000000000000000000000000000000000000000000000000000000000000000000000000000000000000000000000000000000000000000000000000000000000000000000000000000000000000000000000000000000000000000000000000000000000000000000000000000000000000000000000000000000000000000000000000000000000000000000000000000000000000000000000000000000000",
  "status": false,
  "to": "0x92b83224991f86419ea9845107ce366d9d3ce3b5",
  "transactionHash": "0x09763ac1dcb2ae1941a89bb043abd6ce4c3a4e3c00256ea7b4481b224ebc65f3",
  "transactionIndex": 6,
  "type": "0x0",
  "events": {}
}
2022-05-08T00:33:45.084Z info: undefined
2022-05-08T00:33:57.907Z info: undefined
2022-05-08T00:57:21.984Z info: undefined
2022-05-08T00:57:34.961Z info: undefined
2022-05-08T00:57:52.152Z info: Declared events: 0xb714c527e29fd1bbffefc4b45d4d5d8fc2ebedcba3a627eefbee996a13fd400b, 0x8ea5eff8f9a35d999b17714c7bd7e6cc1d087817336a03573cfd767d2be7c57f, 0x2d321ec428e427c40d7273252a20195d26fd41ada120a55bcfe319b717e746fc, 0x3aa67b695b42d65ac4a2cf272afe8cb5e5878e09770247e069bbf640ece99bbe, 0x68367fbd848e53c7286896f4e023657dc5998ee1f15a8d9967bd4f09c9cb2418, 0xd3f6ccb1c2099ed5d766b0d3d97ff614f5860531903593834bd37e4e494008d5, 0xa6c602a3d0bb0330e530abab8db4773ee102d5e4dce5e2b57c4a2edda7fca267. Txhash: 0x5afb6a91039c3a5c93fcbae04db54a046edd999ee7241c556a35ff07e96b7fa0
2022-05-08T01:16:56.923Z info: undefined
2022-05-08T01:17:07.694Z info: undefined
2022-05-08T01:17:17.998Z info: Declared events: 0xe54f64c72ff3617fb955b0cfe89723e821530b2c4b45b5940a77517fafbd0a51, 0xcc1c9c3a404807bb94216d8d561c0216a73e5bc9c58b504d5c863801d925e57d, 0x216140c48832afeaf212066c2df9259ae98686e220523235f66e7075e9ea8a94, 0xdaae24d704360c4b2a59170f2a1e126cb7f7e1feaa8d8e44757f7ce42cb3eefc, 0xd2fb69a7b9cd80ee8da53eda8f625a88e3f41290376ed57ecd556af663cbec2e, 0xa85b9fc8cb28cdd1b2513cdf0b08a55d991d12ff46dff1227ea1be19cdd0cc4c. Txhash: 0x0719b8f93c24c5822843d75a0c31955469d006e99f678ec7bc8d703048f37043
2022-05-11T00:14:15.079Z error: SendTx: Returned values aren't valid, did it run Out of Gas? You might also see this error if you are not using the correct ABI for the contract you are retrieving data from, requesting data from a block number that does not exist, or querying a node which is not fully synced.
2022-05-11T00:14:15.421Z error: SendTx: Cannot read property 'length' of undefined
2022-05-11T00:15:34.123Z error: Invalid value "undefined" for header "x-rapidapi-key"
2022-05-11T00:29:44.968Z info: Declared events: 0x948c8f4793a0fbfb711236aad92a9e32c53d92cedaf66f5a3e82dd6ddaa0a57b. Txhash: 0x60c9722531ee91240c43855c9fb1faaebb8a90c8fe15fcf90ca8b0db0d97cc6d
2022-05-31T21:12:59.963Z info: Added events for 2022-05-31. Txhash: 0x51005af0a28001edbefb7cdb280819d95894483095973089c0c4cba784260b26
2022-05-31T21:13:03.463Z info: Failed to add events. Returned error: nonce too low
2022-05-31T21:13:03.464Z error: SendTx: Returned error: nonce too low
2022-05-31T21:13:03.470Z info: Failed to add events. Returned error: nonce too low
2022-05-31T21:13:20.439Z info: Added events for 2022-06-01. Txhash: 0x4de78133bc3ee2e26e8f27ef1c4680acd714b583c2260ebf5152ec4a62e094fc
2022-05-31T22:16:46.015Z info: Declared events: 0x107a98f55f12f79cab01037791b662874c0225de26ac45111a3408a909c2d8f0, 0x8c913ddccd5c4f3cb2719a1c21ee5aa27f6eae79d2b3aced5263b621d27d13ce, 0x390ce7a6ce2436a22c27975ab402181e20399e25aa1aeb0a30c66d8529aa3c01, 0x6c97e850e059b4910acd45c32a40220dbd0834c0390b5ad016f15ffe92f1294f, 0xa4378fb7bad07279b1649675c2d216598d9ee0ccd8133190c02474b78e4aa467, 0x80b0991db051dc9f37f3f5bbfeff04103def4e50cc60f72bfc256bbfa88cc568. Txhash: 0x0e877f2ced299183121af8168d2d3070a920e7075b134ebedfb293fb5da697fb
2022-05-31T22:21:02.952Z info: Added events for 2022-05-31. Txhash: 0xe464c3b6e81c6d1479c8c00c14f9adb7b6045b36551473e3d37e670edd70c911
2022-05-31T22:21:12.578Z info: Added events for 2022-06-01. Txhash: 0x6ae6d9c317775882d280a04f1d98ff8569842a38aa5f459f57b5ae4841b5dad1
2022-05-31T22:41:46.145Z error: SendTx: Invalid JSON RPC response: ""
2022-05-31T22:44:34.133Z info: Declared events: 0xf9070093b4a4e65a0c9706ac43b5b6de8a1d8ecd773eeed0b92abd5b91861338, 0xe16899fb8934274a83ccfe2531d09c285d07ead84626bc3eeed85cf24b608cb0, 0x7a20d770bf71ea146fbeddfdb0da80b016f98142a7d97befce35348c38ebc37f, 0xf8d8db03b40f2a8d81a654cc0d960ffbf7b34b598a2e4a2ea7ec1a2e3e84b31a, 0x12f05b43b2bbd92800cfb69e5383062f886fe1e74df1947ecbc087e3a37bd1f9, 0x6e289cf642408d6dae31dfaeccddafc247ad1b2adbb70aba1455f5f7df598d0a. Txhash: 0xc240b4092da683ea2760486f5e540ec6a3dd907d62f178d61511f85e0785bdb7
2022-05-31T22:50:01.105Z error: Invalid value "undefined" for header "x-rapidapi-key"
2022-05-31T22:55:03.557Z info: Added events for 2022-05-31. Txhash: 0x35505b7f3913538eb19fa35f0a98d6fa056c624a26172a918c565861a444f031
2022-05-31T22:55:18.088Z info: Added events for 2022-06-01. Txhash: 0x186393a6d350a593e9d4e24c17f9edf5314833968b59d88ec8839d7a132cf9be
2022-05-31T22:55:28.085Z info: Canceled events: 0x06d62e0644e41d3efa86fe27637096fa787f9ca16c777deb47af29651e464b83, 0xe02327991ed43067c158e6fa53a8ed385068cd77880b29cd0ec033264316e0cc, 0x752e7cad8adb5395e03fee4e7cc3d0ca2e857497120168dbb6131e8f24c9a0da. Txhash: 0xdcf129e6419ac1fc5645ea775150499f587d3be14a1079e443485b57f5758274
2022-05-31T23:00:00.912Z info: Already watching BSC sport Event 0xf43ad0b60de3649389023603d976eccfe01b7ee28b2962b8976a823c9f09f045
2022-05-31T23:00:00.913Z info: Already watching BSC sport Event 0x1139369c5bd6aee3cb2eede604468d83f959567c8ed4fab73144fb421897e1e2
2022-05-31T23:00:00.913Z info: Already watching BSC sport Event 0xd834b20f2de64f305797fd9612366badc646c68a284ef93bd81fd3e81842f7d1
2022-05-31T23:03:10.093Z info: Declared events: 0x1139369c5bd6aee3cb2eede604468d83f959567c8ed4fab73144fb421897e1e2. Txhash: 0xe68958ab738bfbb69b1c0ccd8f149a1bed36a0f2c3aea6e4a3c887e04033ec6f
2022-05-31T23:03:18.928Z info: Declared events: 0xd834b20f2de64f305797fd9612366badc646c68a284ef93bd81fd3e81842f7d1. Txhash: 0x0fb5577235f6406565f8001790ed7051e0a541972a968fdee8e8f942a39e38c9
2022-05-31T23:04:52.343Z info: Declared events: 0xf43ad0b60de3649389023603d976eccfe01b7ee28b2962b8976a823c9f09f045. Txhash: 0x1ca577f85a429bb008a6440227a3e02deceed5829df345f5a890ccdaca0e1909
2022-06-01T05:48:36.800Z info: Added events for 2022-06-01. Txhash: 0x2d155a325a8c60e197621ab8f400347906fc728ff77e62780c2760f64c401ea7
2022-06-01T05:48:45.146Z info: Added events for 2022-06-02. Txhash: 0x41a66fb4f7d13591cbfb923cf4b472116fa26baed1706ded6b2eb4a005ac4a8a
2022-06-01T05:55:15.015Z info: Declared events: 0x42646cc50c5888dfe74b623f232d140daa161d129b22a0f5f78f6cb8329a2d05. Txhash: 0x2d24c70f265f074d296a580e17451a252fa9fd12c3edb0431545a66ec26d89ab
2022-06-01T05:57:42.098Z info: Declared events: 0xbf72c6d4d8e9c3f370fcb7f172bd7b5a464656addc0a50fae3ad9fe68a723fb6. Txhash: 0x1a1d18dc596711fffc1434df68232b418da48557e5564d81ee66bc660f3bb005
2022-06-01T05:58:48.726Z info: Declared events: 0x64937cf39746e99ed04e3029d288d47ac9fd993c6b66b1e14193aaefde483e79. Txhash: 0x77c052c0bde8f12d0bfa25673737c556571d6b65bac01bebe72ae296f5f6a971
2022-06-01T06:00:01.120Z info: Already watching BSC sport Event 0x0e3cce5f711179d6b06b37828685eb853ed33198e163be798cdfe8e0ac9c7eaa
2022-06-01T06:00:01.121Z info: Already watching BSC sport Event 0x0286b93f759b34f1f1b0fc5a87591df7ffb14f2f71112824cd49852bb76d50a1
2022-06-01T06:00:01.121Z info: Already watching BSC sport Event 0x9fe8ba6e922918f799a2e13248a0b139137ad49b316fbb48cb505056cd53c3f7
2022-06-01T06:06:09.701Z info: Declared events: 0x0286b93f759b34f1f1b0fc5a87591df7ffb14f2f71112824cd49852bb76d50a1. Txhash: 0x57bfa06c2b3cb44fe38ebc4285afc824196190226a0ba879bc4697f547577128
2022-06-01T06:06:57.109Z info: Declared events: 0x0e3cce5f711179d6b06b37828685eb853ed33198e163be798cdfe8e0ac9c7eaa. Txhash: 0x820ca45ed3fca4cf40fe6f186fac21118196f5900e224d09617f2a37291fa826
2022-06-01T06:09:15.624Z info: Declared events: 0x9fe8ba6e922918f799a2e13248a0b139137ad49b316fbb48cb505056cd53c3f7. Txhash: 0x31c728010d4cb2ff719ae3cba7189050e5cceac49a1eb796777c0cf82a42c625
